<?xml version="1.0" encoding="UTF-8"?>
<!-- Generated by org.testng.reporters.JUnitReportReporter -->
<testsuite hostname="nihar" failures="0" tests="3" name="com.basic.apiTest.DynamicJson" time="9.327" errors="0" timestamp="2024-03-28T16:49:24 IST" skipped="0">
  <testcase classname="com.basic.apiTest.DynamicJson" name="addBoodAPI" time="0.194"/>
  <testcase classname="com.basic.apiTest.DynamicJson" name="addBoodAPI" time="0.137"/>
  <testcase classname="com.basic.apiTest.DynamicJson" name="addBoodAPI" time="8.996"/>
</testsuite> <!-- com.basic.apiTest.DynamicJson -->
