<?xml version="1.0" encoding="UTF-8"?>
<!-- Generated by org.testng.reporters.JUnitReportReporter -->
<testsuite hostname="nihar" failures="0" tests="1" name="com.basic.apiTest.SumValidation" time="2.754" errors="0" timestamp="2024-03-19T06:13:38 IST" skipped="0">
  <testcase classname="com.basic.apiTest.SumValidation" name="sumOfpurchaseamount" time="2.754"/>
</testsuite> <!-- com.basic.apiTest.SumValidation -->
