<?xml version="1.0" encoding="UTF-8"?>
<!-- Generated by org.testng.reporters.JUnitReportReporter -->
<testsuite hostname="nihar" failures="0" tests="1" name="com.basic.apiTest.SpecBuilderTest" time="4.124" errors="0" timestamp="2024-03-21T07:24:09 IST" skipped="0">
  <testcase classname="com.basic.apiTest.SpecBuilderTest" name="req_andres_specbuilerMethod" time="4.124"/>
</testsuite> <!-- com.basic.apiTest.SpecBuilderTest -->
